<?xml version="1.0" encoding="UTF-8"?>
<!-- Generated by org.testng.reporters.JUnitReportReporter -->
<testsuite hostname="L76003" failures="0" tests="3" name="pk.address.DeleteAddress" time="6.425" errors="0" timestamp="2022-01-22T13:09:07 IST" skipped="0">
  <testcase classname="pk.address.DeleteAddress" name="CreateAddress" time="2.483"/>
  <system-out/>
  <testcase classname="pk.address.DeleteAddress" name="updateAddress" time="2.032"/>
  <system-out/>
  <testcase classname="pk.address.DeleteAddress" name="deleteAnAddress" time="1.910"/>
  <system-out/>
</testsuite> <!-- pk.address.DeleteAddress -->
