<?xml version="1.0" encoding="UTF-8"?>
<!-- Generated by org.testng.reporters.JUnitReportReporter -->
<testsuite hostname="L76003" failures="0" tests="1" name="pk.address.Create_an_Address_Using_JsonFile" time="1.195" errors="0" timestamp="2022-01-21T13:41:51 IST" skipped="0">
  <testcase classname="pk.address.Create_an_Address_Using_JsonFile" name="createanaddress" time="1.195"/>
  <system-out/>
</testsuite> <!-- pk.address.Create_an_Address_Using_JsonFile -->
