<?xml version="1.0" encoding="UTF-8"?>
<!-- Generated by org.testng.reporters.JUnitReportReporter -->
<testsuite hostname="L76003" failures="0" tests="1" name="pk.gettoken.Create_or_Refresh_a_Token" time="2.651" errors="0" timestamp="2022-01-21T13:11:32 IST" skipped="0">
  <testcase classname="pk.gettoken.Create_or_Refresh_a_Token" name="createorrefreshtoken" time="2.651"/>
  <system-out/>
</testsuite> <!-- pk.gettoken.Create_or_Refresh_a_Token -->
