<?xml version="1.0" encoding="UTF-8"?>
<!-- Generated by org.testng.reporters.JUnitReportReporter -->
<testsuite hostname="L76003" failures="0" tests="1" name="pk.countries.Get_defaultCountry_using_ExtentReport" time="2.290" errors="0" timestamp="2022-01-22T12:40:18 IST" skipped="0">
  <testcase classname="pk.countries.Get_defaultCountry_using_ExtentReport" name="getDefaultCountry" time="2.290"/>
  <system-out/>
</testsuite> <!-- pk.countries.Get_defaultCountry_using_ExtentReport -->
