<?xml version="1.0" encoding="UTF-8"?>
<!-- Generated by org.testng.reporters.JUnitReportReporter -->
<testsuite hostname="L76003" failures="0" tests="1" name="pk.address.Create_an_Address_Using_UtilFunction" time="4.807" errors="0" timestamp="2022-01-21T18:00:43 IST" skipped="0">
  <testcase classname="pk.address.Create_an_Address_Using_UtilFunction" name="createanaddress" time="4.807"/>
  <system-out/>
</testsuite> <!-- pk.address.Create_an_Address_Using_UtilFunction -->
