<?xml version="1.0" encoding="UTF-8"?>
<!-- Generated by org.testng.reporters.JUnitReportReporter -->
<testsuite hostname="L76003" failures="0" tests="1" name="pk.countries.Retrieve_a_Country" time="2.181" errors="0" timestamp="2022-01-22T13:09:07 IST" skipped="0">
  <testcase classname="pk.countries.Retrieve_a_Country" name="retriveacountry" time="2.181"/>
  <system-out/>
</testsuite> <!-- pk.countries.Retrieve_a_Country -->
