<?xml version="1.0" encoding="UTF-8"?>
<!-- Generated by org.testng.reporters.JUnitReportReporter -->
<testsuite hostname="L76003" failures="0" tests="3" name="pk.countries.Retrieve_a_Country_for_multiple_data" time="4.931" errors="0" timestamp="2022-01-20T18:15:27 IST" skipped="0">
  <testcase classname="pk.countries.Retrieve_a_Country_for_multiple_data" name="retriveacountry" time="0.999"/>
  <system-out/>
  <testcase classname="pk.countries.Retrieve_a_Country_for_multiple_data" name="retriveacountry" time="2.895"/>
  <system-out/>
  <testcase classname="pk.countries.Retrieve_a_Country_for_multiple_data" name="retriveacountry" time="1.037"/>
  <system-out/>
</testsuite> <!-- pk.countries.Retrieve_a_Country_for_multiple_data -->
